Using pre-set license
Built from '2020.3/staging' branch; Version is '2020.3.19f1 (68f137dc9bbe) revision 6877495'; Using compiler version '192528614'; Build Type 'Release'
OS: 'Windows 10 Home; OS build 19042.1288; Version 2009; 64bit' Language: 'es' Physical Memory: 16262 MB
BatchMode: 1, IsHumanControllingUs: 0, StartBugReporterOnCrash: 0, Is64bit: 1, IsPro: 0

COMMAND LINE ARGUMENTS:
C:\Program Files\Unity\Hub\Editor\2020.3.19f1\Editor\Unity.exe
-adb2
-batchMode
-noUpm
-name
AssetImportWorker3
-projectPath
D:/Documentos/Proyectos Unity/HitOnTheBeat/HitOnTheBeat
-logFile
Logs/AssetImportWorker3.log
-srvPort
61399
Successfully changed project path to: D:/Documentos/Proyectos Unity/HitOnTheBeat/HitOnTheBeat
D:/Documentos/Proyectos Unity/HitOnTheBeat/HitOnTheBeat
Using Asset Import Pipeline V2.
Refreshing native plugins compatible for Editor in 54.43 ms, found 2 plugins.
Preloading 0 native plugins for Editor in 0.00 ms.
Initialize engine version: 2020.3.19f1 (68f137dc9bbe)
[Subsystems] Discovering subsystems at path C:/Program Files/Unity/Hub/Editor/2020.3.19f1/Editor/Data/Resources/UnitySubsystems
[Subsystems] Discovering subsystems at path D:/Documentos/Proyectos Unity/HitOnTheBeat/HitOnTheBeat/Assets
GfxDevice: creating device client; threaded=0
Direct3D:
    Version:  Direct3D 11.0 [level 11.1]
    Renderer: NVIDIA GeForce GTX 1050 (ID=0x1c8d)
    Vendor:   
    VRAM:     4019 MB
    Driver:   30.0.14.7168
Initialize mono
Mono path[0] = 'C:/Program Files/Unity/Hub/Editor/2020.3.19f1/Editor/Data/Managed'
Mono path[1] = 'C:/Program Files/Unity/Hub/Editor/2020.3.19f1/Editor/Data/MonoBleedingEdge/lib/mono/unityjit'
Mono config path = 'C:/Program Files/Unity/Hub/Editor/2020.3.19f1/Editor/Data/MonoBleedingEdge/etc'
Using monoOptions --debugger-agent=transport=dt_socket,embedding=1,server=y,suspend=n,address=127.0.0.1:56328
Begin MonoManager ReloadAssembly
Registering precompiled unity dll's ...
Register platform support module: C:/Program Files/Unity/Hub/Editor/2020.3.19f1/Editor/Data/PlaybackEngines/WebGLSupport/UnityEditor.WebGL.Extensions.dll
Register platform support module: C:/Program Files/Unity/Hub/Editor/2020.3.19f1/Editor/Data/PlaybackEngines/WindowsStandaloneSupport/UnityEditor.WindowsStandalone.Extensions.dll
Registered in 0.002984 seconds.
Native extension for WindowsStandalone target not found
Native extension for WebGL target not found
Refreshing native plugins compatible for Editor in 54.69 ms, found 2 plugins.
Preloading 0 native plugins for Editor in 0.00 ms.
Mono: successfully reloaded assembly
- Completed reload, in  5.032 seconds
Domain Reload Profiling:
	ReloadAssembly (5032ms)
		BeginReloadAssembly (68ms)
			ExecutionOrderSort (0ms)
			DisableScriptedObjects (0ms)
			BackupInstance (0ms)
			ReleaseScriptingObjects (0ms)
			CreateAndSetChildDomain (1ms)
		EndReloadAssembly (965ms)
			LoadAssemblies (66ms)
			RebuildTransferFunctionScriptingTraits (0ms)
			SetupTypeCache (199ms)
			ReleaseScriptCaches (0ms)
			RebuildScriptCaches (52ms)
			SetupLoadedEditorAssemblies (594ms)
				LogAssemblyErrors (0ms)
				InitializePlatformSupportModulesInManaged (6ms)
				SetLoadedEditorAssemblies (1ms)
				RefreshPlugins (110ms)
				BeforeProcessingInitializeOnLoad (27ms)
				ProcessInitializeOnLoadAttributes (135ms)
				ProcessInitializeOnLoadMethodAttributes (315ms)
				AfterProcessingInitializeOnLoad (0ms)
				EditorAssembliesLoaded (0ms)
			ExecutionOrderSort2 (0ms)
			AwakeInstancesAfterBackupRestoration (0ms)
Platform modules already initialized, skipping
Registering precompiled user dll's ...
Registered in 0.006022 seconds.
Begin MonoManager ReloadAssembly
Native extension for WindowsStandalone target not found
Native extension for WebGL target not found
Refreshing native plugins compatible for Editor in 68.40 ms, found 2 plugins.
Preloading 0 native plugins for Editor in 0.00 ms.
Mono: successfully reloaded assembly
- Completed reload, in  1.715 seconds
Domain Reload Profiling:
	ReloadAssembly (1716ms)
		BeginReloadAssembly (181ms)
			ExecutionOrderSort (0ms)
			DisableScriptedObjects (5ms)
			BackupInstance (0ms)
			ReleaseScriptingObjects (0ms)
			CreateAndSetChildDomain (21ms)
		EndReloadAssembly (1461ms)
			LoadAssemblies (126ms)
			RebuildTransferFunctionScriptingTraits (0ms)
			SetupTypeCache (408ms)
			ReleaseScriptCaches (0ms)
			RebuildScriptCaches (95ms)
			SetupLoadedEditorAssemblies (655ms)
				LogAssemblyErrors (0ms)
				InitializePlatformSupportModulesInManaged (6ms)
				SetLoadedEditorAssemblies (0ms)
				RefreshPlugins (68ms)
				BeforeProcessingInitializeOnLoad (126ms)
				ProcessInitializeOnLoadAttributes (429ms)
				ProcessInitializeOnLoadMethodAttributes (16ms)
				AfterProcessingInitializeOnLoad (9ms)
				EditorAssembliesLoaded (1ms)
			ExecutionOrderSort2 (0ms)
			AwakeInstancesAfterBackupRestoration (8ms)
Platform modules already initialized, skipping
========================================================================
Worker process is ready to serve import requests
Launched and connected shader compiler UnityShaderCompiler.exe after 0.08 seconds
Refreshing native plugins compatible for Editor in 0.93 ms, found 2 plugins.
Preloading 0 native plugins for Editor in 0.00 ms.
Unloading 2175 Unused Serialized files (Serialized files now loaded: 0)
System memory in use before: 92.6 MB.
System memory in use after: 92.7 MB.

Unloading 30 unused Assets to reduce memory usage. Loaded Objects now: 2611.
Total: 5.052600 ms (FindLiveObjects: 0.217400 ms CreateObjectMapping: 0.125700 ms MarkObjects: 4.571100 ms  DeleteObjects: 0.136800 ms)

AssetImportParameters requested are different than current active one (requested -> active):
  custom:framework-win-MediaFoundation: 216162199b28c13a410421893ffa2e32 -> 
  custom:video-decoder-ogg-theora: a1e56fd34408186e4bbccfd4996cb3dc -> 
  custom:container-muxer-webm: aa71ff27fc2769a1b78a27578f13a17b -> 
  custom:container-demuxer-webm: 4f35f7cbe854078d1ac9338744f61a02 -> 
  custom:container-demuxer-ogg: 62fdf1f143b41e24485cea50d1cbac27 -> 
  custom:video-encoder-webm-vp8: eb34c28f22e8b96e1ab97ce403110664 -> 
  custom:video-decoder-webm-vp8: 9c59270c3fd7afecdb556c50c9e8de78 -> 
  custom:audio-decoder-ogg-vorbis: bf7c407c2cedff20999df2af8eb42d56 -> 
  custom:audio-encoder-webm-vorbis: bf7c407c2cedff20999df2af8eb42d56 -> 
========================================================================
Received Import Request.
  path: Assets/Resources/PunchPrincessImport1.prefab
  artifactKey: Guid(d73a9841283c89041833c85ae2d22013) Importer(815301076,1909f56bfc062723c751e8b465ee728b)
Start importing Assets/Resources/PunchPrincessImport1.prefab using Guid(d73a9841283c89041833c85ae2d22013) Importer(815301076,1909f56bfc062723c751e8b465ee728b)  -> (artifact id: 'd9d8478919d9f037f093bb9adc973d43') in 0.169494 seconds 
  Import took 0.176734 seconds .

========================================================================
Received Prepare
Registering precompiled user dll's ...
Registered in 0.007700 seconds.
Begin MonoManager ReloadAssembly
Native extension for WindowsStandalone target not found
Native extension for WebGL target not found
Refreshing native plugins compatible for Editor in 0.45 ms, found 2 plugins.
Preloading 0 native plugins for Editor in 0.00 ms.
Mono: successfully reloaded assembly
- Completed reload, in  1.328 seconds
Domain Reload Profiling:
	ReloadAssembly (1329ms)
		BeginReloadAssembly (157ms)
			ExecutionOrderSort (0ms)
			DisableScriptedObjects (8ms)
			BackupInstance (0ms)
			ReleaseScriptingObjects (0ms)
			CreateAndSetChildDomain (42ms)
		EndReloadAssembly (1095ms)
			LoadAssemblies (127ms)
			RebuildTransferFunctionScriptingTraits (0ms)
			SetupTypeCache (352ms)
			ReleaseScriptCaches (1ms)
			RebuildScriptCaches (70ms)
			SetupLoadedEditorAssemblies (428ms)
				LogAssemblyErrors (0ms)
				InitializePlatformSupportModulesInManaged (7ms)
				SetLoadedEditorAssemblies (1ms)
				RefreshPlugins (1ms)
				BeforeProcessingInitializeOnLoad (95ms)
				ProcessInitializeOnLoadAttributes (304ms)
				ProcessInitializeOnLoadMethodAttributes (12ms)
				AfterProcessingInitializeOnLoad (8ms)
				EditorAssembliesLoaded (1ms)
			ExecutionOrderSort2 (0ms)
			AwakeInstancesAfterBackupRestoration (9ms)
Platform modules already initialized, skipping
Refreshing native plugins compatible for Editor in 1.09 ms, found 2 plugins.
Preloading 0 native plugins for Editor in 0.00 ms.
Unloading 2166 Unused Serialized files (Serialized files now loaded: 0)
System memory in use before: 95.5 MB.
System memory in use after: 95.6 MB.

Unloading 18 unused Assets to reduce memory usage. Loaded Objects now: 2621.
Total: 3.574200 ms (FindLiveObjects: 0.299900 ms CreateObjectMapping: 0.128400 ms MarkObjects: 3.096200 ms  DeleteObjects: 0.048100 ms)

AssetImportParameters requested are different than current active one (requested -> active):
  custom:framework-win-MediaFoundation: 216162199b28c13a410421893ffa2e32 -> 
  custom:video-decoder-ogg-theora: a1e56fd34408186e4bbccfd4996cb3dc -> 
  custom:container-muxer-webm: aa71ff27fc2769a1b78a27578f13a17b -> 
  custom:container-demuxer-webm: 4f35f7cbe854078d1ac9338744f61a02 -> 
  custom:container-demuxer-ogg: 62fdf1f143b41e24485cea50d1cbac27 -> 
  custom:video-encoder-webm-vp8: eb34c28f22e8b96e1ab97ce403110664 -> 
  custom:video-decoder-webm-vp8: 9c59270c3fd7afecdb556c50c9e8de78 -> 
  custom:audio-decoder-ogg-vorbis: bf7c407c2cedff20999df2af8eb42d56 -> 
  custom:audio-encoder-webm-vorbis: bf7c407c2cedff20999df2af8eb42d56 -> 
========================================================================
Received Prepare
Refreshing native plugins compatible for Editor in 4.71 ms, found 2 plugins.
Preloading 0 native plugins for Editor in 0.00 ms.
Unloading 15 Unused Serialized files (Serialized files now loaded: 0)
System memory in use before: 52.9 MB.
System memory in use after: 53.0 MB.

Unloading 15 unused Assets to reduce memory usage. Loaded Objects now: 2621.
Total: 3.939900 ms (FindLiveObjects: 0.300600 ms CreateObjectMapping: 0.214700 ms MarkObjects: 3.403900 ms  DeleteObjects: 0.019500 ms)

AssetImportParameters requested are different than current active one (requested -> active):
  custom:framework-win-MediaFoundation: 216162199b28c13a410421893ffa2e32 -> 
  custom:video-decoder-ogg-theora: a1e56fd34408186e4bbccfd4996cb3dc -> 
  custom:container-muxer-webm: aa71ff27fc2769a1b78a27578f13a17b -> 
  custom:container-demuxer-webm: 4f35f7cbe854078d1ac9338744f61a02 -> 
  custom:container-demuxer-ogg: 62fdf1f143b41e24485cea50d1cbac27 -> 
  custom:video-encoder-webm-vp8: eb34c28f22e8b96e1ab97ce403110664 -> 
  custom:video-decoder-webm-vp8: 9c59270c3fd7afecdb556c50c9e8de78 -> 
  custom:audio-decoder-ogg-vorbis: bf7c407c2cedff20999df2af8eb42d56 -> 
  custom:audio-encoder-webm-vorbis: bf7c407c2cedff20999df2af8eb42d56 -> 
========================================================================
Received Prepare
Registering precompiled user dll's ...
Registered in 0.008549 seconds.
Begin MonoManager ReloadAssembly
Native extension for WindowsStandalone target not found
Native extension for WebGL target not found
Refreshing native plugins compatible for Editor in 0.60 ms, found 2 plugins.
Preloading 0 native plugins for Editor in 0.00 ms.
Mono: successfully reloaded assembly
- Completed reload, in  1.828 seconds
Domain Reload Profiling:
	ReloadAssembly (1829ms)
		BeginReloadAssembly (191ms)
			ExecutionOrderSort (0ms)
			DisableScriptedObjects (9ms)
			BackupInstance (0ms)
			ReleaseScriptingObjects (0ms)
			CreateAndSetChildDomain (56ms)
		EndReloadAssembly (1546ms)
			LoadAssemblies (172ms)
			RebuildTransferFunctionScriptingTraits (0ms)
			SetupTypeCache (498ms)
			ReleaseScriptCaches (1ms)
			RebuildScriptCaches (87ms)
			SetupLoadedEditorAssemblies (616ms)
				LogAssemblyErrors (0ms)
				InitializePlatformSupportModulesInManaged (14ms)
				SetLoadedEditorAssemblies (1ms)
				RefreshPlugins (1ms)
				BeforeProcessingInitializeOnLoad (148ms)
				ProcessInitializeOnLoadAttributes (429ms)
				ProcessInitializeOnLoadMethodAttributes (13ms)
				AfterProcessingInitializeOnLoad (11ms)
				EditorAssembliesLoaded (0ms)
			ExecutionOrderSort2 (0ms)
			AwakeInstancesAfterBackupRestoration (13ms)
Platform modules already initialized, skipping
Refreshing native plugins compatible for Editor in 0.57 ms, found 2 plugins.
Preloading 0 native plugins for Editor in 0.00 ms.
Unloading 2166 Unused Serialized files (Serialized files now loaded: 0)
System memory in use before: 95.5 MB.
System memory in use after: 95.6 MB.

Unloading 18 unused Assets to reduce memory usage. Loaded Objects now: 2624.
Total: 5.046600 ms (FindLiveObjects: 0.409500 ms CreateObjectMapping: 0.200100 ms MarkObjects: 4.398600 ms  DeleteObjects: 0.036700 ms)

AssetImportParameters requested are different than current active one (requested -> active):
  custom:framework-win-MediaFoundation: 216162199b28c13a410421893ffa2e32 -> 
  custom:video-decoder-ogg-theora: a1e56fd34408186e4bbccfd4996cb3dc -> 
  custom:container-muxer-webm: aa71ff27fc2769a1b78a27578f13a17b -> 
  custom:container-demuxer-webm: 4f35f7cbe854078d1ac9338744f61a02 -> 
  custom:container-demuxer-ogg: 62fdf1f143b41e24485cea50d1cbac27 -> 
  custom:video-encoder-webm-vp8: eb34c28f22e8b96e1ab97ce403110664 -> 
  custom:video-decoder-webm-vp8: 9c59270c3fd7afecdb556c50c9e8de78 -> 
  custom:audio-decoder-ogg-vorbis: bf7c407c2cedff20999df2af8eb42d56 -> 
  custom:audio-encoder-webm-vorbis: bf7c407c2cedff20999df2af8eb42d56 -> 
========================================================================
Received Import Request.
  Time since last request: 333.195162 seconds.
  path: Assets/Resources/RitmoSystem.prefab
  artifactKey: Guid(7b26bab3c407e92449c63dc964099486) Importer(815301076,1909f56bfc062723c751e8b465ee728b)
Start importing Assets/Resources/RitmoSystem.prefab using Guid(7b26bab3c407e92449c63dc964099486) Importer(815301076,1909f56bfc062723c751e8b465ee728b)  -> (artifact id: '1e0dff94cbbbeb5b422afe9fa62e12a9') in 0.067559 seconds 
  Import took 0.073964 seconds .

========================================================================
Received Import Request.
  Time since last request: 5.555922 seconds.
  path: Assets/Resources/RitmoSystem.prefab
  artifactKey: Guid(7b26bab3c407e92449c63dc964099486) Importer(815301076,1909f56bfc062723c751e8b465ee728b)
Start importing Assets/Resources/RitmoSystem.prefab using Guid(7b26bab3c407e92449c63dc964099486) Importer(815301076,1909f56bfc062723c751e8b465ee728b)  -> (artifact id: '5de1ffa8ad560eacb060ffb3753a5ee0') in 0.021073 seconds 
  Import took 0.055766 seconds .

========================================================================
Received Import Request.
  Time since last request: 1409.129970 seconds.
  path: Assets/Layout
  artifactKey: Guid(e85aa92035004ab47b73a49c7e5f1ff6) Importer(815301076,1909f56bfc062723c751e8b465ee728b)
Start importing Assets/Layout using Guid(e85aa92035004ab47b73a49c7e5f1ff6) Importer(815301076,1909f56bfc062723c751e8b465ee728b)  -> (artifact id: 'acb0bab757ed35b8ab768eb24580199d') in 0.003540 seconds 
  Import took 0.009039 seconds .

========================================================================
Received Import Request.
  Time since last request: 0.049554 seconds.
  path: Assets/Layout/Creditos boton.png
  artifactKey: Guid(6da38d8d2fc7c5d41bc3d751b8c83ddb) Importer(815301076,1909f56bfc062723c751e8b465ee728b)
Start importing Assets/Layout/Creditos boton.png using Guid(6da38d8d2fc7c5d41bc3d751b8c83ddb) Importer(815301076,1909f56bfc062723c751e8b465ee728b)  -> (artifact id: '8e1122e9e983622441ec704cd2e23597') in 0.187457 seconds 
  Import took 0.191534 seconds .

========================================================================
Received Import Request.
  Time since last request: 0.000293 seconds.
  path: Assets/Layout/Salir boton.png
  artifactKey: Guid(9d177f2f1aad6c8489fcf0734c139413) Importer(815301076,1909f56bfc062723c751e8b465ee728b)
Start importing Assets/Layout/Salir boton.png using Guid(9d177f2f1aad6c8489fcf0734c139413) Importer(815301076,1909f56bfc062723c751e8b465ee728b)  -> (artifact id: '090598fa546fe55a1eaffe449561111c') in 0.039787 seconds 
  Import took 0.043616 seconds .

========================================================================
Received Import Request.
  Time since last request: 0.000427 seconds.
  path: Assets/Layout/Tienda boton.png
  artifactKey: Guid(15b0c4310f56aa940bf501bef754ba9a) Importer(815301076,1909f56bfc062723c751e8b465ee728b)
Start importing Assets/Layout/Tienda boton.png using Guid(15b0c4310f56aa940bf501bef754ba9a) Importer(815301076,1909f56bfc062723c751e8b465ee728b)  -> (artifact id: '43efc8a5909898190755ae1089d40c3d') in 0.012592 seconds 
  Import took 0.017077 seconds .

========================================================================
Received Import Request.
  Time since last request: 0.000363 seconds.
  path: Assets/Layout/Dcha_color.png
  artifactKey: Guid(bfd10a7839a238948ba74a312754e1d0) Importer(815301076,1909f56bfc062723c751e8b465ee728b)
Start importing Assets/Layout/Dcha_color.png using Guid(bfd10a7839a238948ba74a312754e1d0) Importer(815301076,1909f56bfc062723c751e8b465ee728b)  -> (artifact id: '3b6435c5bee36aba20c43588afb1b4f7') in 0.046073 seconds 
  Import took 0.050873 seconds .

========================================================================
Received Import Request.
  Time since last request: 0.000387 seconds.
  path: Assets/Layout/Jugar boton.png
  artifactKey: Guid(0e71d5933811c5d4c982f7cce861d396) Importer(815301076,1909f56bfc062723c751e8b465ee728b)
Start importing Assets/Layout/Jugar boton.png using Guid(0e71d5933811c5d4c982f7cce861d396) Importer(815301076,1909f56bfc062723c751e8b465ee728b)  -> (artifact id: '3d15fde3653a21d4475b9d656a7f230f') in 0.017956 seconds 
  Import took 0.023716 seconds .

========================================================================
Received Import Request.
  Time since last request: 0.000311 seconds.
  path: Assets/Layout/Fondo.png
  artifactKey: Guid(1f7dc9cd2c93aed498e6948ba0f150f4) Importer(815301076,1909f56bfc062723c751e8b465ee728b)
Start importing Assets/Layout/Fondo.png using Guid(1f7dc9cd2c93aed498e6948ba0f150f4) Importer(815301076,1909f56bfc062723c751e8b465ee728b)  -> (artifact id: '66079e3b0cf67a33ac4c7c1a554e63ee') in 0.020729 seconds 
  Import took 0.024790 seconds .

========================================================================
Received Import Request.
  Time since last request: 0.000308 seconds.
  path: Assets/Layout/game_logo.png
  artifactKey: Guid(9da4019fa9474ad4a80d8215823ff461) Importer(815301076,1909f56bfc062723c751e8b465ee728b)
Start importing Assets/Layout/game_logo.png using Guid(9da4019fa9474ad4a80d8215823ff461) Importer(815301076,1909f56bfc062723c751e8b465ee728b)  -> (artifact id: 'ce793dce262af1aad3f0b31d38634c0d') in 0.015989 seconds 
  Import took 0.020510 seconds .

========================================================================
Received Import Request.
  Time since last request: 0.000403 seconds.
  path: Assets/Layout/servidor 1.png
  artifactKey: Guid(a471de7c9d66afc4fa9707b402173ffc) Importer(815301076,1909f56bfc062723c751e8b465ee728b)
Start importing Assets/Layout/servidor 1.png using Guid(a471de7c9d66afc4fa9707b402173ffc) Importer(815301076,1909f56bfc062723c751e8b465ee728b)  -> (artifact id: '4f5867d1926d9593770786e8dcc29e90') in 0.051565 seconds 
  Import took 0.058204 seconds .

========================================================================
Received Import Request.
  Time since last request: 91.542199 seconds.
  path: Assets/Layout/game_logo.png
  artifactKey: Guid(9da4019fa9474ad4a80d8215823ff461) Importer(815301076,1909f56bfc062723c751e8b465ee728b)
Start importing Assets/Layout/game_logo.png using Guid(9da4019fa9474ad4a80d8215823ff461) Importer(815301076,1909f56bfc062723c751e8b465ee728b)  -> (artifact id: 'e6e4c35e55179da0421775a7c08dc65b') in 0.033450 seconds 
  Import took 0.038826 seconds .

========================================================================
Received Import Request.
  Time since last request: 57.329867 seconds.
  path: Assets/Layout/Fondo.png
  artifactKey: Guid(1f7dc9cd2c93aed498e6948ba0f150f4) Importer(815301076,1909f56bfc062723c751e8b465ee728b)
Start importing Assets/Layout/Fondo.png using Guid(1f7dc9cd2c93aed498e6948ba0f150f4) Importer(815301076,1909f56bfc062723c751e8b465ee728b)  -> (artifact id: '433231521e01bfde1fbc38c20894b530') in 0.017277 seconds 
  Import took 0.023336 seconds .

========================================================================
Received Import Request.
  Time since last request: 111.884458 seconds.
  path: Assets/Photon/PhotonUnityNetworking/Demos/Shared Assets/Skin/DropDown Arrow.png
  artifactKey: Guid(936345f7fc3934efa8119a8700d904c7) Importer(815301076,1909f56bfc062723c751e8b465ee728b)
Start importing Assets/Photon/PhotonUnityNetworking/Demos/Shared Assets/Skin/DropDown Arrow.png using Guid(936345f7fc3934efa8119a8700d904c7) Importer(815301076,1909f56bfc062723c751e8b465ee728b)  -> (artifact id: '4c60d73c32c4cc2e3db0dc94d5805389') in 0.064599 seconds 
  Import took 0.071605 seconds .

========================================================================
Received Import Request.
  Time since last request: 0.000444 seconds.
  path: Assets/Photon/PhotonUnityNetworking/Demos/DemoHub/Sprites/toHub.png
  artifactKey: Guid(9587663c4d27e47b19a118aabaac4a08) Importer(815301076,1909f56bfc062723c751e8b465ee728b)
Start importing Assets/Photon/PhotonUnityNetworking/Demos/DemoHub/Sprites/toHub.png using Guid(9587663c4d27e47b19a118aabaac4a08) Importer(815301076,1909f56bfc062723c751e8b465ee728b)  -> (artifact id: '734f9abc06a66cdce47dd5354e6327d6') in 0.128888 seconds 
  Import took 0.135299 seconds .

========================================================================
Received Import Request.
  Time since last request: 0.000384 seconds.
  path: Assets/Photon/PhotonUnityNetworking/Icons/PunIconApp512.png
  artifactKey: Guid(7377013011b4c3348809ff574abe799e) Importer(815301076,1909f56bfc062723c751e8b465ee728b)
Start importing Assets/Photon/PhotonUnityNetworking/Icons/PunIconApp512.png using Guid(7377013011b4c3348809ff574abe799e) Importer(815301076,1909f56bfc062723c751e8b465ee728b)  -> (artifact id: '1dfba95de6658c0091ac4e9eaeb39562') in 0.037840 seconds 
  Import took 0.043794 seconds .

========================================================================
Received Import Request.
  Time since last request: 0.000346 seconds.
  path: Assets/Photon/PhotonUnityNetworking/Icons/PunIconApp128.png
  artifactKey: Guid(f00feafcf0675cd47a48f83ae42b06d4) Importer(815301076,1909f56bfc062723c751e8b465ee728b)
Start importing Assets/Photon/PhotonUnityNetworking/Icons/PunIconApp128.png using Guid(f00feafcf0675cd47a48f83ae42b06d4) Importer(815301076,1909f56bfc062723c751e8b465ee728b)  -> (artifact id: 'efb885fe3c0f63041a4a95a43458c88e') in 0.033658 seconds 
  Import took 0.039165 seconds .

========================================================================
Received Import Request.
  Time since last request: 0.000272 seconds.
  path: Assets/Photon/PhotonUnityNetworking/Icons/PunIconApp32.png
  artifactKey: Guid(436c5e63723127948af8857e903f658a) Importer(815301076,1909f56bfc062723c751e8b465ee728b)
Start importing Assets/Photon/PhotonUnityNetworking/Icons/PunIconApp32.png using Guid(436c5e63723127948af8857e903f658a) Importer(815301076,1909f56bfc062723c751e8b465ee728b)  -> (artifact id: '4fb6ea98a37a8ac0ce281e04f6c68410') in 0.030192 seconds 
  Import took 0.034151 seconds .

========================================================================
Received Import Request.
  Time since last request: 0.000354 seconds.
  path: Assets/Photon/PhotonUnityNetworking/Icons/PunIconApp48.png
  artifactKey: Guid(44ebd8e6f42cae445ab4b22f0a9b48a0) Importer(815301076,1909f56bfc062723c751e8b465ee728b)
Start importing Assets/Photon/PhotonUnityNetworking/Icons/PunIconApp48.png using Guid(44ebd8e6f42cae445ab4b22f0a9b48a0) Importer(815301076,1909f56bfc062723c751e8b465ee728b)  -> (artifact id: '7d2f1e8450ccf03600b90c1bd797e328') in 0.026505 seconds 
  Import took 0.033266 seconds .

========================================================================
Received Import Request.
  Time since last request: 0.000322 seconds.
  path: Assets/Photon/PhotonUnityNetworking/Demos/DemoHub/Sprites/PunIcon-White-129.png
  artifactKey: Guid(56bbc6b42271d4177ac313247f47ac1f) Importer(815301076,1909f56bfc062723c751e8b465ee728b)
Start importing Assets/Photon/PhotonUnityNetworking/Demos/DemoHub/Sprites/PunIcon-White-129.png using Guid(56bbc6b42271d4177ac313247f47ac1f) Importer(815301076,1909f56bfc062723c751e8b465ee728b)  -> (artifact id: '1f178c27371378529b63ea561da52ffa') in 0.029246 seconds 
  Import took 0.033087 seconds .

========================================================================
Received Import Request.
  Time since last request: 0.000288 seconds.
  path: Assets/Photon/PhotonUnityNetworking/Demos/DemoHub/Sprites/OutlinedSquaredBox.png
  artifactKey: Guid(c222cd02c447941edb09ecb6433229ce) Importer(815301076,1909f56bfc062723c751e8b465ee728b)
Start importing Assets/Photon/PhotonUnityNetworking/Demos/DemoHub/Sprites/OutlinedSquaredBox.png using Guid(c222cd02c447941edb09ecb6433229ce) Importer(815301076,1909f56bfc062723c751e8b465ee728b)  -> (artifact id: '92530016eb71c4fe558bd8be25a189c1') in 0.035382 seconds 
  Import took 0.040729 seconds .

========================================================================
Received Import Request.
  Time since last request: 0.000312 seconds.
  path: Assets/Photon/PhotonUnityNetworking/Demos/Shared Assets/Skin/DropDown CheckMark.png
  artifactKey: Guid(fd47c8b4ebfbd4339858d4d23f587519) Importer(815301076,1909f56bfc062723c751e8b465ee728b)
Start importing Assets/Photon/PhotonUnityNetworking/Demos/Shared Assets/Skin/DropDown CheckMark.png using Guid(fd47c8b4ebfbd4339858d4d23f587519) Importer(815301076,1909f56bfc062723c751e8b465ee728b)  -> (artifact id: 'ff8437a25394ebd6ffa1b43384499678') in 0.026714 seconds 
  Import took 0.031475 seconds .

========================================================================
Received Import Request.
  Time since last request: 0.000278 seconds.
  path: Assets/Photon/PhotonUnityNetworking/Icons/PunIcon-128.png
  artifactKey: Guid(bd293dc32f4aaf94e8274f2fac2cdf89) Importer(815301076,1909f56bfc062723c751e8b465ee728b)
Start importing Assets/Photon/PhotonUnityNetworking/Icons/PunIcon-128.png using Guid(bd293dc32f4aaf94e8274f2fac2cdf89) Importer(815301076,1909f56bfc062723c751e8b465ee728b)  -> (artifact id: 'a74c7ddd00abd945b6ea475459a215fb') in 0.039233 seconds 
  Import took 0.044170 seconds .

========================================================================
Received Import Request.
  Time since last request: 0.000280 seconds.
  path: Assets/Photon/PhotonUnityNetworking/Demos/DemoHub/Sprites/Gradient.png
  artifactKey: Guid(66efb24ed46044ab8a039599cbc47d7b) Importer(815301076,1909f56bfc062723c751e8b465ee728b)
Start importing Assets/Photon/PhotonUnityNetworking/Demos/DemoHub/Sprites/Gradient.png using Guid(66efb24ed46044ab8a039599cbc47d7b) Importer(815301076,1909f56bfc062723c751e8b465ee728b)  -> (artifact id: 'a8f82a21b0677bf40326eb36844f25bb') in 0.044475 seconds 
  Import took 0.049263 seconds .

========================================================================
Received Prepare
Registering precompiled user dll's ...
Registered in 0.006210 seconds.
Begin MonoManager ReloadAssembly
Native extension for WindowsStandalone target not found
Native extension for WebGL target not found
Refreshing native plugins compatible for Editor in 0.47 ms, found 2 plugins.
Preloading 0 native plugins for Editor in 0.00 ms.
Mono: successfully reloaded assembly
- Completed reload, in  1.611 seconds
Domain Reload Profiling:
	ReloadAssembly (1611ms)
		BeginReloadAssembly (181ms)
			ExecutionOrderSort (0ms)
			DisableScriptedObjects (9ms)
			BackupInstance (0ms)
			ReleaseScriptingObjects (0ms)
			CreateAndSetChildDomain (67ms)
		EndReloadAssembly (1343ms)
			LoadAssemblies (148ms)
			RebuildTransferFunctionScriptingTraits (0ms)
			SetupTypeCache (529ms)
			ReleaseScriptCaches (1ms)
			RebuildScriptCaches (75ms)
			SetupLoadedEditorAssemblies (460ms)
				LogAssemblyErrors (0ms)
				InitializePlatformSupportModulesInManaged (8ms)
				SetLoadedEditorAssemblies (1ms)
				RefreshPlugins (1ms)
				BeforeProcessingInitializeOnLoad (108ms)
				ProcessInitializeOnLoadAttributes (322ms)
				ProcessInitializeOnLoadMethodAttributes (12ms)
				AfterProcessingInitializeOnLoad (8ms)
				EditorAssembliesLoaded (0ms)
			ExecutionOrderSort2 (0ms)
			AwakeInstancesAfterBackupRestoration (11ms)
Platform modules already initialized, skipping
Refreshing native plugins compatible for Editor in 0.50 ms, found 2 plugins.
Preloading 0 native plugins for Editor in 0.00 ms.
Unloading 2167 Unused Serialized files (Serialized files now loaded: 0)
System memory in use before: 95.6 MB.
System memory in use after: 95.7 MB.

Unloading 18 unused Assets to reduce memory usage. Loaded Objects now: 2653.
Total: 4.295500 ms (FindLiveObjects: 0.220000 ms CreateObjectMapping: 0.149600 ms MarkObjects: 3.878800 ms  DeleteObjects: 0.045700 ms)

AssetImportParameters requested are different than current active one (requested -> active):
  custom:framework-win-MediaFoundation: 216162199b28c13a410421893ffa2e32 -> 
  custom:video-decoder-ogg-theora: a1e56fd34408186e4bbccfd4996cb3dc -> 
  custom:container-muxer-webm: aa71ff27fc2769a1b78a27578f13a17b -> 
  custom:container-demuxer-webm: 4f35f7cbe854078d1ac9338744f61a02 -> 
  custom:container-demuxer-ogg: 62fdf1f143b41e24485cea50d1cbac27 -> 
  custom:video-encoder-webm-vp8: eb34c28f22e8b96e1ab97ce403110664 -> 
  custom:video-decoder-webm-vp8: 9c59270c3fd7afecdb556c50c9e8de78 -> 
  custom:audio-decoder-ogg-vorbis: bf7c407c2cedff20999df2af8eb42d56 -> 
  custom:audio-encoder-webm-vorbis: bf7c407c2cedff20999df2af8eb42d56 -> 
========================================================================
Received Import Request.
  Time since last request: 669.770116 seconds.
  path: Assets/Resources/XXColorImport1conBomba.prefab
  artifactKey: Guid(ed429d607ae00a24f8feb1395c455b41) Importer(815301076,1909f56bfc062723c751e8b465ee728b)
Start importing Assets/Resources/XXColorImport1conBomba.prefab using Guid(ed429d607ae00a24f8feb1395c455b41) Importer(815301076,1909f56bfc062723c751e8b465ee728b)  -> (artifact id: '25d3f1e1536d19bcaceebea075f2dcf1') in 0.164790 seconds 
  Import took 0.171622 seconds .

========================================================================
Received Import Request.
  Time since last request: 20.441798 seconds.
  path: Assets/Resources/XXColorImport1conBomba.prefab
  artifactKey: Guid(ed429d607ae00a24f8feb1395c455b41) Importer(815301076,1909f56bfc062723c751e8b465ee728b)
Start importing Assets/Resources/XXColorImport1conBomba.prefab using Guid(ed429d607ae00a24f8feb1395c455b41) Importer(815301076,1909f56bfc062723c751e8b465ee728b)  -> (artifact id: '3b82ce81428fdbee0c839130449503e1') in 0.060979 seconds 
  Import took 0.065953 seconds .

========================================================================
Received Import Request.
  Time since last request: 0.994798 seconds.
  path: Assets/Resources/XXColorImport1conBomba.prefab
  artifactKey: Guid(ed429d607ae00a24f8feb1395c455b41) Importer(815301076,1909f56bfc062723c751e8b465ee728b)
Start importing Assets/Resources/XXColorImport1conBomba.prefab using Guid(ed429d607ae00a24f8feb1395c455b41) Importer(815301076,1909f56bfc062723c751e8b465ee728b)  -> (artifact id: '58c8a072465b770b9f4cedf602e7f6e3') in 0.050452 seconds 
  Import took 0.056057 seconds .

========================================================================
Received Import Request.
  Time since last request: 0.924235 seconds.
  path: Assets/Resources/XXColorImport1conBomba.prefab
  artifactKey: Guid(ed429d607ae00a24f8feb1395c455b41) Importer(815301076,1909f56bfc062723c751e8b465ee728b)
Start importing Assets/Resources/XXColorImport1conBomba.prefab using Guid(ed429d607ae00a24f8feb1395c455b41) Importer(815301076,1909f56bfc062723c751e8b465ee728b)  -> (artifact id: 'c4aff57847ea79b2f885195121090426') in 0.026967 seconds 
  Import took 0.033228 seconds .

========================================================================
Received Import Request.
  Time since last request: 1.113878 seconds.
  path: Assets/Resources/XXColorImport1conBomba.prefab
  artifactKey: Guid(ed429d607ae00a24f8feb1395c455b41) Importer(815301076,1909f56bfc062723c751e8b465ee728b)
Start importing Assets/Resources/XXColorImport1conBomba.prefab using Guid(ed429d607ae00a24f8feb1395c455b41) Importer(815301076,1909f56bfc062723c751e8b465ee728b)  -> (artifact id: '5e952e47b529c58ae032c87e82683e14') in 0.026454 seconds 
  Import took 0.031880 seconds .

========================================================================
Received Import Request.
  Time since last request: 1.136736 seconds.
  path: Assets/Resources/XXColorImport1conBomba.prefab
  artifactKey: Guid(ed429d607ae00a24f8feb1395c455b41) Importer(815301076,1909f56bfc062723c751e8b465ee728b)
Start importing Assets/Resources/XXColorImport1conBomba.prefab using Guid(ed429d607ae00a24f8feb1395c455b41) Importer(815301076,1909f56bfc062723c751e8b465ee728b)  -> (artifact id: 'd73cf83b15acc8ea5d1b29fadce2538c') in 0.025596 seconds 
  Import took 0.033079 seconds .

========================================================================
Received Import Request.
  Time since last request: 55.930090 seconds.
  path: Assets/Graphics/XXColorAssets
  artifactKey: Guid(1aa9619681d6ee84a825e12d35f9bffe) Importer(815301076,1909f56bfc062723c751e8b465ee728b)
Start importing Assets/Graphics/XXColorAssets using Guid(1aa9619681d6ee84a825e12d35f9bffe) Importer(815301076,1909f56bfc062723c751e8b465ee728b)  -> (artifact id: '6eef349f20add28b6f5195169ec01b01') in 0.003494 seconds 
  Import took 0.009852 seconds .

========================================================================
Received Import Request.
  Time since last request: 0.045046 seconds.
  path: Assets/Graphics/XXColorAssets/MaterialXXColorC_con_bomba.mat
  artifactKey: Guid(332ff8045bfcfb446bba3eab45a1b91b) Importer(815301076,1909f56bfc062723c751e8b465ee728b)
Start importing Assets/Graphics/XXColorAssets/MaterialXXColorC_con_bomba.mat using Guid(332ff8045bfcfb446bba3eab45a1b91b) Importer(815301076,1909f56bfc062723c751e8b465ee728b)  -> (artifact id: 'b44aeead868fc11da222f65811fb11a8') in 0.120012 seconds 
  Import took 0.124792 seconds .

========================================================================
Received Import Request.
  Time since last request: 0.000319 seconds.
  path: Assets/Graphics/XXColorAssets/XXColorImport1conBomba.blend
  artifactKey: Guid(0694f2109f1512d49bdf74d704a4a8f4) Importer(815301076,1909f56bfc062723c751e8b465ee728b)
Start importing Assets/Graphics/XXColorAssets/XXColorImport1conBomba.blend using Guid(0694f2109f1512d49bdf74d704a4a8f4) Importer(815301076,1909f56bfc062723c751e8b465ee728b)  -> (artifact id: '2137289c00469cc8ebe80d228f7ead0e') in 0.105394 seconds 
  Import took 0.110675 seconds .

========================================================================
Received Import Request.
  Time since last request: 0.000385 seconds.
  path: Assets/Graphics/XXColorAssets/texturabaseXXCOLOR.png
  artifactKey: Guid(ae6fe4e2c01ca6345b41615924897669) Importer(815301076,1909f56bfc062723c751e8b465ee728b)
Start importing Assets/Graphics/XXColorAssets/texturabaseXXCOLOR.png using Guid(ae6fe4e2c01ca6345b41615924897669) Importer(815301076,1909f56bfc062723c751e8b465ee728b)  -> (artifact id: 'b5ffd78de5e39f88babe37859c9e8d47') in 0.025071 seconds 
  Import took 0.029704 seconds .

========================================================================
Received Import Request.
  Time since last request: 2.279324 seconds.
  path: Assets/Graphics/XXColorAssets/XX.controller
  artifactKey: Guid(121dd8f2275b8504da63d0daf797e9a6) Importer(815301076,1909f56bfc062723c751e8b465ee728b)
Start importing Assets/Graphics/XXColorAssets/XX.controller using Guid(121dd8f2275b8504da63d0daf797e9a6) Importer(815301076,1909f56bfc062723c751e8b465ee728b)  -> (artifact id: '39ef6ae81ed4aa5bf789f18e67091d51') in 0.048460 seconds 
  Import took 0.053487 seconds .

========================================================================
Received Import Request.
  Time since last request: 18.906474 seconds.
  path: Assets/Scenes/Lobby.unity
  artifactKey: Guid(b519b2e74441b0344a12ade54524360e) Importer(815301076,1909f56bfc062723c751e8b465ee728b)
Start importing Assets/Scenes/Lobby.unity using Guid(b519b2e74441b0344a12ade54524360e) Importer(815301076,1909f56bfc062723c751e8b465ee728b)  -> (artifact id: 'f0d4601ce51eb3f9c7f6847df4800ae7') in 0.003689 seconds 
  Import took 0.008571 seconds .

========================================================================
Received Import Request.
  Time since last request: 112.823527 seconds.
  path: Assets/Scenes/Juego.unity
  artifactKey: Guid(1e5a144506af3c8478fdf47477555d71) Importer(815301076,1909f56bfc062723c751e8b465ee728b)
Start importing Assets/Scenes/Juego.unity using Guid(1e5a144506af3c8478fdf47477555d71) Importer(815301076,1909f56bfc062723c751e8b465ee728b)  -> (artifact id: '828d0f9dbf844adb0fd2c6638ad581d4') in 0.002977 seconds 
  Import took 0.008409 seconds .

========================================================================
Received Import Request.
  Time since last request: 1.476944 seconds.
  path: Assets/Scenes/Lobby.unity
  artifactKey: Guid(b519b2e74441b0344a12ade54524360e) Importer(815301076,1909f56bfc062723c751e8b465ee728b)
Start importing Assets/Scenes/Lobby.unity using Guid(b519b2e74441b0344a12ade54524360e) Importer(815301076,1909f56bfc062723c751e8b465ee728b)  -> (artifact id: 'c6afc9cee7710a3dd101e0a2b32aba95') in 0.003239 seconds 
  Import took 0.007751 seconds .

========================================================================
Received Import Request.
  Time since last request: 278.673164 seconds.
  path: Assets/Scenes/MainMenu.unity
  artifactKey: Guid(9e46e762b29af9247a983cd76793a59d) Importer(815301076,1909f56bfc062723c751e8b465ee728b)
Start importing Assets/Scenes/MainMenu.unity using Guid(9e46e762b29af9247a983cd76793a59d) Importer(815301076,1909f56bfc062723c751e8b465ee728b)  -> (artifact id: '5de014c29f37e7d02290c395fa1313d8') in 0.004407 seconds 
  Import took 0.009817 seconds .

========================================================================
Received Import Request.
  Time since last request: 70.329398 seconds.
  path: Assets/Scenes/Lobby.unity
  artifactKey: Guid(b519b2e74441b0344a12ade54524360e) Importer(815301076,1909f56bfc062723c751e8b465ee728b)
Start importing Assets/Scenes/Lobby.unity using Guid(b519b2e74441b0344a12ade54524360e) Importer(815301076,1909f56bfc062723c751e8b465ee728b)  -> (artifact id: 'daeece9e933d2edc75c6a0405e6a9ecd') in 0.002987 seconds 
  Import took 0.006811 seconds .

========================================================================
Received Import Request.
  Time since last request: 5.250511 seconds.
  path: Assets/Scenes/MainMenu.unity
  artifactKey: Guid(9e46e762b29af9247a983cd76793a59d) Importer(815301076,1909f56bfc062723c751e8b465ee728b)
Start importing Assets/Scenes/MainMenu.unity using Guid(9e46e762b29af9247a983cd76793a59d) Importer(815301076,1909f56bfc062723c751e8b465ee728b)  -> (artifact id: 'f4a4908651c63d2355b5f18f9fe7d587') in 0.003847 seconds 
  Import took 0.008844 seconds .

========================================================================
Received Prepare
Refreshing native plugins compatible for Editor in 5.45 ms, found 2 plugins.
Preloading 0 native plugins for Editor in 0.00 ms.
Unloading 15 Unused Serialized files (Serialized files now loaded: 0)
System memory in use before: 55.9 MB.
System memory in use after: 56.0 MB.

Unloading 15 unused Assets to reduce memory usage. Loaded Objects now: 2690.
Total: 5.399400 ms (FindLiveObjects: 0.390100 ms CreateObjectMapping: 0.130500 ms MarkObjects: 4.855700 ms  DeleteObjects: 0.021500 ms)

AssetImportParameters requested are different than current active one (requested -> active):
  custom:framework-win-MediaFoundation: 216162199b28c13a410421893ffa2e32 -> 
  custom:video-decoder-ogg-theora: a1e56fd34408186e4bbccfd4996cb3dc -> 
  custom:container-muxer-webm: aa71ff27fc2769a1b78a27578f13a17b -> 
  custom:container-demuxer-webm: 4f35f7cbe854078d1ac9338744f61a02 -> 
  custom:container-demuxer-ogg: 62fdf1f143b41e24485cea50d1cbac27 -> 
  custom:video-encoder-webm-vp8: eb34c28f22e8b96e1ab97ce403110664 -> 
  custom:video-decoder-webm-vp8: 9c59270c3fd7afecdb556c50c9e8de78 -> 
  custom:audio-decoder-ogg-vorbis: bf7c407c2cedff20999df2af8eb42d56 -> 
  custom:audio-encoder-webm-vorbis: bf7c407c2cedff20999df2af8eb42d56 -> 
========================================================================
Received Prepare
Refreshing native plugins compatible for Editor in 7.74 ms, found 2 plugins.
Preloading 0 native plugins for Editor in 0.00 ms.
Unloading 15 Unused Serialized files (Serialized files now loaded: 0)
System memory in use before: 55.9 MB.
System memory in use after: 56.0 MB.

Unloading 15 unused Assets to reduce memory usage. Loaded Objects now: 2690.
Total: 4.728400 ms (FindLiveObjects: 0.293500 ms CreateObjectMapping: 0.157000 ms MarkObjects: 4.254200 ms  DeleteObjects: 0.021300 ms)

AssetImportParameters requested are different than current active one (requested -> active):
  custom:framework-win-MediaFoundation: 216162199b28c13a410421893ffa2e32 -> 
  custom:video-decoder-ogg-theora: a1e56fd34408186e4bbccfd4996cb3dc -> 
  custom:container-muxer-webm: aa71ff27fc2769a1b78a27578f13a17b -> 
  custom:container-demuxer-webm: 4f35f7cbe854078d1ac9338744f61a02 -> 
  custom:container-demuxer-ogg: 62fdf1f143b41e24485cea50d1cbac27 -> 
  custom:video-encoder-webm-vp8: eb34c28f22e8b96e1ab97ce403110664 -> 
  custom:video-decoder-webm-vp8: 9c59270c3fd7afecdb556c50c9e8de78 -> 
  custom:audio-decoder-ogg-vorbis: bf7c407c2cedff20999df2af8eb42d56 -> 
  custom:audio-encoder-webm-vorbis: bf7c407c2cedff20999df2af8eb42d56 -> 
========================================================================
Received Prepare
Registering precompiled user dll's ...
Registered in 0.006210 seconds.
Begin MonoManager ReloadAssembly
Native extension for WindowsStandalone target not found
Native extension for WebGL target not found
Refreshing native plugins compatible for Editor in 0.97 ms, found 2 plugins.
Preloading 0 native plugins for Editor in 0.00 ms.
Mono: successfully reloaded assembly
- Completed reload, in  2.739 seconds
Domain Reload Profiling:
	ReloadAssembly (2739ms)
		BeginReloadAssembly (147ms)
			ExecutionOrderSort (0ms)
			DisableScriptedObjects (12ms)
			BackupInstance (0ms)
			ReleaseScriptingObjects (0ms)
			CreateAndSetChildDomain (48ms)
		EndReloadAssembly (2508ms)
			LoadAssemblies (115ms)
			RebuildTransferFunctionScriptingTraits (0ms)
			SetupTypeCache (450ms)
			ReleaseScriptCaches (1ms)
			RebuildScriptCaches (63ms)
			SetupLoadedEditorAssemblies (1604ms)
				LogAssemblyErrors (0ms)
				InitializePlatformSupportModulesInManaged (9ms)
				SetLoadedEditorAssemblies (1ms)
				RefreshPlugins (1ms)
				BeforeProcessingInitializeOnLoad (252ms)
				ProcessInitializeOnLoadAttributes (1315ms)
				ProcessInitializeOnLoadMethodAttributes (12ms)
				AfterProcessingInitializeOnLoad (13ms)
				EditorAssembliesLoaded (0ms)
			ExecutionOrderSort2 (0ms)
			AwakeInstancesAfterBackupRestoration (9ms)
Platform modules already initialized, skipping
Refreshing native plugins compatible for Editor in 0.56 ms, found 2 plugins.
Preloading 0 native plugins for Editor in 0.00 ms.
Unloading 2167 Unused Serialized files (Serialized files now loaded: 0)
System memory in use before: 96.0 MB.
System memory in use after: 96.1 MB.

Unloading 18 unused Assets to reduce memory usage. Loaded Objects now: 2693.
Total: 4.663300 ms (FindLiveObjects: 0.304900 ms CreateObjectMapping: 0.117800 ms MarkObjects: 4.207800 ms  DeleteObjects: 0.031400 ms)

AssetImportParameters requested are different than current active one (requested -> active):
  custom:framework-win-MediaFoundation: 216162199b28c13a410421893ffa2e32 -> 
  custom:video-decoder-ogg-theora: a1e56fd34408186e4bbccfd4996cb3dc -> 
  custom:container-muxer-webm: aa71ff27fc2769a1b78a27578f13a17b -> 
  custom:container-demuxer-webm: 4f35f7cbe854078d1ac9338744f61a02 -> 
  custom:container-demuxer-ogg: 62fdf1f143b41e24485cea50d1cbac27 -> 
  custom:video-encoder-webm-vp8: eb34c28f22e8b96e1ab97ce403110664 -> 
  custom:video-decoder-webm-vp8: 9c59270c3fd7afecdb556c50c9e8de78 -> 
  custom:audio-decoder-ogg-vorbis: bf7c407c2cedff20999df2af8eb42d56 -> 
  custom:audio-encoder-webm-vorbis: bf7c407c2cedff20999df2af8eb42d56 -> 
========================================================================
Received Prepare
Refreshing native plugins compatible for Editor in 5.82 ms, found 2 plugins.
Preloading 0 native plugins for Editor in 0.00 ms.
Unloading 15 Unused Serialized files (Serialized files now loaded: 0)
System memory in use before: 53.4 MB.
System memory in use after: 53.6 MB.

Unloading 15 unused Assets to reduce memory usage. Loaded Objects now: 2693.
Total: 5.203900 ms (FindLiveObjects: 0.213700 ms CreateObjectMapping: 0.080100 ms MarkObjects: 4.862100 ms  DeleteObjects: 0.046800 ms)

AssetImportParameters requested are different than current active one (requested -> active):
  custom:framework-win-MediaFoundation: 216162199b28c13a410421893ffa2e32 -> 
  custom:video-decoder-ogg-theora: a1e56fd34408186e4bbccfd4996cb3dc -> 
  custom:container-muxer-webm: aa71ff27fc2769a1b78a27578f13a17b -> 
  custom:container-demuxer-webm: 4f35f7cbe854078d1ac9338744f61a02 -> 
  custom:container-demuxer-ogg: 62fdf1f143b41e24485cea50d1cbac27 -> 
  custom:video-encoder-webm-vp8: eb34c28f22e8b96e1ab97ce403110664 -> 
  custom:video-decoder-webm-vp8: 9c59270c3fd7afecdb556c50c9e8de78 -> 
  custom:audio-decoder-ogg-vorbis: bf7c407c2cedff20999df2af8eb42d56 -> 
  custom:audio-encoder-webm-vorbis: bf7c407c2cedff20999df2af8eb42d56 -> 
========================================================================
Received Prepare
Registering precompiled user dll's ...
Registered in 0.008513 seconds.
Begin MonoManager ReloadAssembly
Native extension for WindowsStandalone target not found
Native extension for WebGL target not found
Refreshing native plugins compatible for Editor in 0.77 ms, found 2 plugins.
Preloading 0 native plugins for Editor in 0.00 ms.
Mono: successfully reloaded assembly
- Completed reload, in  1.792 seconds
Domain Reload Profiling:
	ReloadAssembly (1792ms)
		BeginReloadAssembly (171ms)
			ExecutionOrderSort (0ms)
			DisableScriptedObjects (10ms)
			BackupInstance (0ms)
			ReleaseScriptingObjects (0ms)
			CreateAndSetChildDomain (49ms)
		EndReloadAssembly (1517ms)
			LoadAssemblies (159ms)
			RebuildTransferFunctionScriptingTraits (0ms)
			SetupTypeCache (491ms)
			ReleaseScriptCaches (2ms)
			RebuildScriptCaches (92ms)
			SetupLoadedEditorAssemblies (611ms)
				LogAssemblyErrors (0ms)
				InitializePlatformSupportModulesInManaged (7ms)
				SetLoadedEditorAssemblies (2ms)
				RefreshPlugins (1ms)
				BeforeProcessingInitializeOnLoad (131ms)
				ProcessInitializeOnLoadAttributes (448ms)
				ProcessInitializeOnLoadMethodAttributes (13ms)
				AfterProcessingInitializeOnLoad (9ms)
				EditorAssembliesLoaded (1ms)
			ExecutionOrderSort2 (0ms)
			AwakeInstancesAfterBackupRestoration (13ms)
Platform modules already initialized, skipping
Refreshing native plugins compatible for Editor in 0.63 ms, found 2 plugins.
Preloading 0 native plugins for Editor in 0.00 ms.
Unloading 2167 Unused Serialized files (Serialized files now loaded: 0)
System memory in use before: 95.9 MB.
System memory in use after: 96.1 MB.

Unloading 18 unused Assets to reduce memory usage. Loaded Objects now: 2696.
Total: 4.360700 ms (FindLiveObjects: 0.275400 ms CreateObjectMapping: 0.117000 ms MarkObjects: 3.932100 ms  DeleteObjects: 0.034700 ms)

AssetImportParameters requested are different than current active one (requested -> active):
  custom:framework-win-MediaFoundation: 216162199b28c13a410421893ffa2e32 -> 
  custom:video-decoder-ogg-theora: a1e56fd34408186e4bbccfd4996cb3dc -> 
  custom:container-muxer-webm: aa71ff27fc2769a1b78a27578f13a17b -> 
  custom:container-demuxer-webm: 4f35f7cbe854078d1ac9338744f61a02 -> 
  custom:container-demuxer-ogg: 62fdf1f143b41e24485cea50d1cbac27 -> 
  custom:video-encoder-webm-vp8: eb34c28f22e8b96e1ab97ce403110664 -> 
  custom:video-decoder-webm-vp8: 9c59270c3fd7afecdb556c50c9e8de78 -> 
  custom:audio-decoder-ogg-vorbis: bf7c407c2cedff20999df2af8eb42d56 -> 
  custom:audio-encoder-webm-vorbis: bf7c407c2cedff20999df2af8eb42d56 -> 
========================================================================
Received Import Request.
  Time since last request: 351.074305 seconds.
  path: Assets/Scenes/MainMenu.unity
  artifactKey: Guid(9e46e762b29af9247a983cd76793a59d) Importer(815301076,1909f56bfc062723c751e8b465ee728b)
Start importing Assets/Scenes/MainMenu.unity using Guid(9e46e762b29af9247a983cd76793a59d) Importer(815301076,1909f56bfc062723c751e8b465ee728b)  -> (artifact id: '1a13fea2a23e3aeed25ed45849c54e8b') in 0.028165 seconds 
  Import took 0.031945 seconds .

========================================================================
Received Prepare
Refreshing native plugins compatible for Editor in 6.84 ms, found 2 plugins.
Preloading 0 native plugins for Editor in 0.00 ms.
Unloading 15 Unused Serialized files (Serialized files now loaded: 0)
System memory in use before: 53.4 MB.
System memory in use after: 53.5 MB.

Unloading 15 unused Assets to reduce memory usage. Loaded Objects now: 2696.
Total: 41.419100 ms (FindLiveObjects: 8.148300 ms CreateObjectMapping: 25.639000 ms MarkObjects: 7.608800 ms  DeleteObjects: 0.021800 ms)

AssetImportParameters requested are different than current active one (requested -> active):
  custom:framework-win-MediaFoundation: 216162199b28c13a410421893ffa2e32 -> 
  custom:video-decoder-ogg-theora: a1e56fd34408186e4bbccfd4996cb3dc -> 
  custom:container-muxer-webm: aa71ff27fc2769a1b78a27578f13a17b -> 
  custom:container-demuxer-webm: 4f35f7cbe854078d1ac9338744f61a02 -> 
  custom:container-demuxer-ogg: 62fdf1f143b41e24485cea50d1cbac27 -> 
  custom:video-encoder-webm-vp8: eb34c28f22e8b96e1ab97ce403110664 -> 
  custom:video-decoder-webm-vp8: 9c59270c3fd7afecdb556c50c9e8de78 -> 
  custom:audio-decoder-ogg-vorbis: bf7c407c2cedff20999df2af8eb42d56 -> 
  custom:audio-encoder-webm-vorbis: bf7c407c2cedff20999df2af8eb42d56 -> 
========================================================================
Received Prepare
Refreshing native plugins compatible for Editor in 5.05 ms, found 2 plugins.
Preloading 0 native plugins for Editor in 0.00 ms.
Unloading 15 Unused Serialized files (Serialized files now loaded: 0)
System memory in use before: 53.4 MB.
System memory in use after: 53.5 MB.

Unloading 15 unused Assets to reduce memory usage. Loaded Objects now: 2696.
Total: 4.589000 ms (FindLiveObjects: 0.265700 ms CreateObjectMapping: 0.124100 ms MarkObjects: 4.157500 ms  DeleteObjects: 0.040100 ms)

AssetImportParameters requested are different than current active one (requested -> active):
  custom:framework-win-MediaFoundation: 216162199b28c13a410421893ffa2e32 -> 
  custom:video-decoder-ogg-theora: a1e56fd34408186e4bbccfd4996cb3dc -> 
  custom:container-muxer-webm: aa71ff27fc2769a1b78a27578f13a17b -> 
  custom:container-demuxer-webm: 4f35f7cbe854078d1ac9338744f61a02 -> 
  custom:container-demuxer-ogg: 62fdf1f143b41e24485cea50d1cbac27 -> 
  custom:video-encoder-webm-vp8: eb34c28f22e8b96e1ab97ce403110664 -> 
  custom:video-decoder-webm-vp8: 9c59270c3fd7afecdb556c50c9e8de78 -> 
  custom:audio-decoder-ogg-vorbis: bf7c407c2cedff20999df2af8eb42d56 -> 
  custom:audio-encoder-webm-vorbis: bf7c407c2cedff20999df2af8eb42d56 -> 
========================================================================
Received Prepare
Registering precompiled user dll's ...
Registered in 0.016708 seconds.
Begin MonoManager ReloadAssembly
Native extension for WindowsStandalone target not found
Native extension for WebGL target not found
Refreshing native plugins compatible for Editor in 0.90 ms, found 2 plugins.
Preloading 0 native plugins for Editor in 0.00 ms.
Mono: successfully reloaded assembly
- Completed reload, in  2.121 seconds
Domain Reload Profiling:
	ReloadAssembly (2122ms)
		BeginReloadAssembly (219ms)
			ExecutionOrderSort (0ms)
			DisableScriptedObjects (16ms)
			BackupInstance (0ms)
			ReleaseScriptingObjects (0ms)
			CreateAndSetChildDomain (69ms)
		EndReloadAssembly (1803ms)
			LoadAssemblies (185ms)
			RebuildTransferFunctionScriptingTraits (0ms)
			SetupTypeCache (493ms)
			ReleaseScriptCaches (2ms)
			RebuildScriptCaches (180ms)
			SetupLoadedEditorAssemblies (708ms)
				LogAssemblyErrors (0ms)
				InitializePlatformSupportModulesInManaged (10ms)
				SetLoadedEditorAssemblies (1ms)
				RefreshPlugins (1ms)
				BeforeProcessingInitializeOnLoad (137ms)
				ProcessInitializeOnLoadAttributes (513ms)
				ProcessInitializeOnLoadMethodAttributes (27ms)
				AfterProcessingInitializeOnLoad (17ms)
				EditorAssembliesLoaded (3ms)
			ExecutionOrderSort2 (0ms)
			AwakeInstancesAfterBackupRestoration (18ms)
Platform modules already initialized, skipping
Refreshing native plugins compatible for Editor in 0.57 ms, found 2 plugins.
Preloading 0 native plugins for Editor in 0.00 ms.
Unloading 2167 Unused Serialized files (Serialized files now loaded: 0)
System memory in use before: 96.0 MB.
System memory in use after: 96.2 MB.

Unloading 18 unused Assets to reduce memory usage. Loaded Objects now: 2699.
Total: 6.190600 ms (FindLiveObjects: 0.194800 ms CreateObjectMapping: 0.083700 ms MarkObjects: 5.885000 ms  DeleteObjects: 0.025700 ms)

AssetImportParameters requested are different than current active one (requested -> active):
  custom:framework-win-MediaFoundation: 216162199b28c13a410421893ffa2e32 -> 
  custom:video-decoder-ogg-theora: a1e56fd34408186e4bbccfd4996cb3dc -> 
  custom:container-muxer-webm: aa71ff27fc2769a1b78a27578f13a17b -> 
  custom:container-demuxer-webm: 4f35f7cbe854078d1ac9338744f61a02 -> 
  custom:container-demuxer-ogg: 62fdf1f143b41e24485cea50d1cbac27 -> 
  custom:video-encoder-webm-vp8: eb34c28f22e8b96e1ab97ce403110664 -> 
  custom:video-decoder-webm-vp8: 9c59270c3fd7afecdb556c50c9e8de78 -> 
  custom:audio-decoder-ogg-vorbis: bf7c407c2cedff20999df2af8eb42d56 -> 
  custom:audio-encoder-webm-vorbis: bf7c407c2cedff20999df2af8eb42d56 -> 
========================================================================
Received Import Request.
  Time since last request: 367.861909 seconds.
  path: Assets/Scenes/Eva.unity.unity
  artifactKey: Guid(6420352d52f340d4b8924509c9e0da9c) Importer(815301076,1909f56bfc062723c751e8b465ee728b)
Start importing Assets/Scenes/Eva.unity.unity using Guid(6420352d52f340d4b8924509c9e0da9c) Importer(815301076,1909f56bfc062723c751e8b465ee728b)  -> (artifact id: 'da1d0c6c384925415d6ef7817b8a9b1c') in 0.022173 seconds 
  Import took 0.026304 seconds .

========================================================================
Received Import Request.
  Time since last request: 0.981814 seconds.
  path: Assets/Scenes/Juego.unity
  artifactKey: Guid(1e5a144506af3c8478fdf47477555d71) Importer(815301076,1909f56bfc062723c751e8b465ee728b)
Start importing Assets/Scenes/Juego.unity using Guid(1e5a144506af3c8478fdf47477555d71) Importer(815301076,1909f56bfc062723c751e8b465ee728b)  -> (artifact id: '60515fed9ebc05e9b724f3b3c588ce1a') in 0.022241 seconds 
  Import took 0.026658 seconds .

AssetImportWorkerClient::OnTransportError - code=2 error=End of file
